docker build -t "alpivim:ex00" ./
Sending build context to Docker daemon  3.072kB
Step 1/3 : FROM alpine:latest
 ---> 11cd0b38bc3c
Step 2/3 : RUN apk update && apk add vim
 ---> Using cache
 ---> 82830f76edd6
Step 3/3 : CMD [ "vim" ]
 ---> Using cache
 ---> 0f1791faf4d1
Successfully built 0f1791faf4d1
Successfully tagged alpivim:ex00
docker build -t "teamspeak:ex01" ./
Sending build context to Docker daemon  294.4kB
Step 1/7 : FROM debian:latest
 ---> 3bbb526d2608
Step 2/7 : ENV TS3_VERSION 3.3.0
 ---> Using cache
 ---> 43cce8956d59
Step 3/7 : RUN 	apt-get update -y 	&& apt-get upgrade -y 	&& apt-get install -y 		curl 		bzip2 	&& apt-get autoremove -y 	&& apt-get clean
 ---> Using cache
 ---> 7ec5bf4c8e1c
Step 4/7 : RUN curl -fsSL http://dl.4players.de/ts/releases/${TS3_VERSION}/teamspeak3-server_linux_amd64-${TS3_VERSION}.tar.bz2 | tar -jxvf - -C /opt/ 	&& mv /opt/teamspeak3-server_linux_amd64 /opt/teamspeak3
 ---> Using cache
 ---> f6bd700f4744
Step 5/7 : EXPOSE 	9987/udp 10011 30033
 ---> Using cache
 ---> 8a188c505efc
Step 6/7 : ENV TS3SERVER_LICENSE=accept 	LD_LIBRARY_PATH="/opt/teamspeak3 /opt/teamspeak3/ts3server"
 ---> Using cache
 ---> c3b62bb93dc7
Step 7/7 : CMD [ "./opt/teamspeak3/ts3server_minimal_runscript.sh"]
 ---> Using cache
 ---> 5127a22ac966
Successfully built 5127a22ac966
Successfully tagged teamspeak:ex01
docker build -t "ft-rails:on-build" ./father
Sending build context to Docker daemon   2.56kB
Step 1/6 : FROM ruby
 ---> 1d8640b852eb
Step 2/6 : RUN apt-get -qq update && apt-get -qq install -y build-essential libpq-dev nodejs sqlite3
 ---> Using cache
 ---> dff490dda0ab
Step 3/6 : ONBUILD COPY my_app /opt/app
 ---> Using cache
 ---> bdeda8e23241
Step 4/6 : ONBUILD WORKDIR /opt/app
 ---> Using cache
 ---> aa1f7946d1d8
Step 5/6 : ONBUILD EXPOSE 3000
 ---> Using cache
 ---> 8a10f30c571c
Step 6/6 : ONBUILD RUN bundle update 			&& bundle install 			&& rake db:migrate 			&& rake db:seed
 ---> Using cache
 ---> d3a1a9dee510
Successfully built d3a1a9dee510
Successfully tagged ft-rails:on-build
docker build -t "ft-rails:son" ./son
Sending build context to Docker daemon  187.9kB
Step 1/3 : FROM ft-rails:on-build
# Executing 4 build triggers
 ---> Using cache
 ---> Using cache
 ---> Using cache
 ---> Using cache
 ---> f5e22932dee7
Step 2/3 : EXPOSE 3000
 ---> Using cache
 ---> d6ec041a681c
Step 3/3 : CMD ["rails", "s", "-b", "0.0.0.0", "-p" ,"3000"]
 ---> Using cache
 ---> 4d5653498992
Successfully built 4d5653498992
Successfully tagged ft-rails:son
docker build -t "gitlab" ./
Sending build context to Docker daemon  6.144kB
Step 1/5 : FROM ubuntu:18.04
 ---> 735f80812f90
Step 2/5 : RUN apt-get -qq update && apt-get -qq upgrade -y && apt-get -qq install -y 	curl openssh-server ca-certificates postfix ufw tzdata 	&& curl -s https://packages.gitlab.com/install/repositories/gitlab/gitlab-ce/script.deb.sh | bash 	&& apt-get install -y gitlab-ce 	&& apt-get autoremove 	&& apt-get clean
 ---> Using cache
 ---> d50333c5cc2d
Step 3/5 : EXPOSE 443 22 80
 ---> Using cache
 ---> 101d7585a75e
Step 4/5 : COPY entrypoint.sh /root
 ---> Using cache
 ---> a501c000cec4
Step 5/5 : ENTRYPOINT ["sh", "/root/entrypoint.sh"]
 ---> Using cache
 ---> 332d778ec58f
Successfully built 332d778ec58f
Successfully tagged gitlab:latest
docker run -d --name "fox_ginger" -p 8022:22 -p 8443:443 -p 8080:80 --privileged "gitlab"
dca9e28efdf50155a93095d186195f71abb6bce65f81efdc19663004b7dcf169
