latest: Pulling from library/hello-world
Digest: sha256:4b8ff392a12ed9ea17784bd3c9a8b1fa3299cac44aca35a85c90c5e3c7afacdc
Status: Image is up to date for hello-world:latest
latest: Pulling from library/nginx
Digest: sha256:d85914d547a6c92faa39ce7058bd7529baacab7e0cd4255442b04577c4d1f424
Status: Image is up to date for nginx:latest
latest: Pulling from library/alpine
Digest: sha256:7043076348bf5040220df6ad703798fd8593a0918d06d3ce30c6c93be117e430
Status: Image is up to date for alpine:latest
latest: Pulling from library/debian
Digest: sha256:f1f61086ea01a72b30c7287adee8c929e569853de03b7c462a8ac75e0d0224c4
Status: Image is up to date for debian:latest
latest: Pulling from library/mysql
Digest: sha256:d39a8ab7679df309e7eff6ddba434ad5747cc2a2acee2d7c60d8221c9acedcad
Status: Image is up to date for mysql:latest
latest: Pulling from library/wordpress
Digest: sha256:d92a0d4e9aae885789af8538bb8afe8624c23cb5d763dcc1d3a2e4ac57531d21
Status: Image is up to date for wordpress:latest
latest: Pulling from phpmyadmin/phpmyadmin
Digest: sha256:b003fa5555dcb0a305d26aec3935b3a1127179ea8ad9d57685df4e4eab912ca8
Status: Image is up to date for phpmyadmin/phpmyadmin:latest
2-slim: Pulling from library/python
Digest: sha256:447e3a799a60fa5c98b1e429f3f814fe55642b1a38099702720d8ae96e9eaeaf
Status: Image is up to date for python:2-slim
latest: Pulling from library/rabbitmq
Digest: sha256:14a4f6c871e3218c383ac38be6e3af6af547fff46bf38c8fe113aca6f1b49697
Status: Image is up to date for rabbitmq:latest
latest: Pulling from 42school/engineering-bay
Digest: sha256:5bc69a7b7ad5c5de54cffcfae09e94960ee66437ae0f7f2d270bde8e49559a62
Status: Image is up to date for 42school/engineering-bay:latest
latest: Pulling from 42school/marine-squad
Digest: sha256:2743413ee99183167014768298df9cf3fc5449eb2a735cc5386788087106b279
Status: Image is up to date for 42school/marine-squad:latest
