Untagged: ft-rails:son
Deleted: sha256:0cfc80fd31bc56876a7e29f9ae92fb934f6c7393f045698db30b41d410988dda
Deleted: sha256:cec92f499e80d9e44ffca06822a47b8d88f4bb851a10fe3aee4c72d7d47b6b92
Deleted: sha256:d9387450feb13b689f68ca671ae68b49023656894e667330fb68de3997d0b9a7
Deleted: sha256:88df7ee45af42835e0424806fdfb728bbe533f0242813f378e6a6bd08d668f74
Deleted: sha256:366df50e3351bfe17792a21a4143bca4cbdda6fb326069c5b2cf1c043bf7e24e
Deleted: sha256:fe967f421328ca64de3b468f18901113ae0987253a332c81a35d73c2f1379b00
Deleted: sha256:c11f3c1ec8f3b1c0ac069d2bcb86f2aa95e6bb2ee1fc7428d9725a1149d21d6d
Deleted: sha256:2da57fd46a41b97d66d63ecc13fb3f7bc1cd68dc1afb08e53936b55c4473601d
Untagged: ft-rails:on-build
Deleted: sha256:8b4f9237f3df82903870a2ec75fdb45da7665d359baf806d440154bf953aaaae
Deleted: sha256:da557b680d6952144b67960980fa23db7037bce68dac125cd76669ea02dcdb53
Deleted: sha256:083e871fc922f08d7e5e1e9689a02c41f1017a2907723a78ec3b8bed892b5e87
Deleted: sha256:618b0935eb61dadba0f2934059d9a82963a7eaa2b63ce4e84601a1cd4915e1d0
Deleted: sha256:8832789583cc085269d195c491cb95a137d9fefdb1b0bb56581c26db8a61ea0c
Deleted: sha256:c7c046378e714932f55388bbc698c9ddf769cd5dc2775fbf0b46e3885037258c
Untagged: teamspeak:ex01
Deleted: sha256:c643d5b79f7a44aadfcfd555385396cc8c3936d4c6fb3430379a0df044433e30
Deleted: sha256:323930a7fd02e0fb33fad043d18be3bc9c42cb9ff07c265b2be554b68a642f20
Deleted: sha256:773470eddeb7f678db027da8ee52fa33da4d3607fe503a4586def3637f66613b
Deleted: sha256:ca0602c1976fb1c82eb3ba5ef29c2266973e8f181d142fbc9d2ca5a4e8378eca
Deleted: sha256:266e98f544ecdec07c5090c46565e4876551ad7133a9ae645f0d28d7d106e4f0
Deleted: sha256:91fee59dd633bc081de66f6e338c8236c27da4d0177e7a1b500b86f6a650a132
Deleted: sha256:429a25d6101e006982d51a2b9c4485de6760637c7888df97b12171b7f7963189
Deleted: sha256:0182e0f641c42f4eea30d33181b947089e69b2b97523427460139056f4560ad8
Untagged: alpivim:ex00
Deleted: sha256:0b1bc68db57d85647d99d1d4df74cad8a6aeb878de2fc58a62e22d1db07c3563
Deleted: sha256:881343b5bfadebac2ba759761b33534621a3e9656d0657e6da67493ffdc7bf94
Deleted: sha256:51168cfd1b620629d44b5b7bead5e757987d10c94a73faa7257e691bd6ff34c4
Untagged: gitlab:latest
Deleted: sha256:332d778ec58f5a648a1945db21a86b040c652d04a30ad8bd0f8e38939b2d4aa8
Deleted: sha256:a501c000cec425874374658d7b6ef1936527b314199396b1c844880984c9b79f
Deleted: sha256:2b61c90764e4e8fae138e6600bff5404ae059884e76cc4c8619bf5231cba903e
Deleted: sha256:101d7585a75e87305d866fc0998f37ff655787787612172428439b047db2aa58
Deleted: sha256:d50333c5cc2d115b11059610c34d7c3ed61a0d3ec8876b0d9484ebd3841ad60a
Deleted: sha256:3571a1e8d7afe1fa70786d9efae1129c0f4a23ae95332d5766355c06c2f090fd
Untagged: wordpress:latest
Untagged: wordpress@sha256:d92a0d4e9aae885789af8538bb8afe8624c23cb5d763dcc1d3a2e4ac57531d21
Deleted: sha256:e2c4085bbc2bb988bdb87e73f63be1048799385a6ccff6acd7b36233475c9278
Deleted: sha256:84da43ff22b33c1d3df50d7ba91cb0834d497f65ee5d1c04af4f157a670199b0
Deleted: sha256:391f2c5c6f954baa03d95cc541a08301b3c46a19ed0b2016f6d330f71b2de3e3
Deleted: sha256:38652906c98b2418cdc1fcc55ac1a9a600e0e7ef32a94866952b2879631c432b
Deleted: sha256:fab52124bf34484648c68e5075a33ae854c670550f09d5a22b33140ecee0088b
Deleted: sha256:e53d8381e96a00c54e2bbeb3d5737546a8c2afa2ab818ba63dbaaeaabc088964
Deleted: sha256:f6be4df204ead16d783ebf710d102515d13f3542505c72e29d10cfb80daa5b17
Deleted: sha256:d90bc2142a019338b2c0a383330988ae4364bc3d8a21aeed701ecc035c4e30b2
Deleted: sha256:8446cd8454ba0bff632a719f998ac76312bf4c3803e7a0b961491ea6b9467f0f
Deleted: sha256:07fedf5966e258776732fda465e4d1619b776aa33d6ca70e88f5365c19c624f5
Deleted: sha256:3c0d08ea3e22a16f102b122e18d7efb40e4e943d6164a6d82dce84d9f3c67cbc
Deleted: sha256:65b217af2dd93579297fcc9cc61679baa5a9c1848772b9d110cf19360c0d9dd4
Deleted: sha256:1f5b0959968a111a971fa93cc85a41a5e13f43c565796ae938cf28a71fd0dd89
Deleted: sha256:c99e979389f25f9e1445d004a014149b699276f48a25dd3872fef11c8d4efdb3
Deleted: sha256:c01e478e67a9ddf3e465fdb60acf7be98f72ca691edf2986680abdd52f2746d5
Deleted: sha256:f071ca963c0451e014cb0222a437601d5dfae2e82c90f3fb7f57debc8cb4fa51
Deleted: sha256:9ae8d76847a10e60dd8726eb4100c60069624c9d639556b74eff1a57ee769b9d
Deleted: sha256:0a26ddd83e6c640572d1830a67c1e2ed41d28a25789fc06e96d0f9b0311cc514
Deleted: sha256:d6de77138c6d833905d82a2edbb93d6c7ce7bf4b4510fd1cbe5293a944420b25
Deleted: sha256:a1d9d1f9833b787f287ddd31557b44c5b9af829191cfd528ce8d7e619341db5f
Untagged: mysql:latest
Untagged: mysql@sha256:d39a8ab7679df309e7eff6ddba434ad5747cc2a2acee2d7c60d8221c9acedcad
Deleted: sha256:29e0ae3b69b9031ab7d7fd3024057b9441d74c8244e583cfb48697109148ca71
Deleted: sha256:e510a8f0a60462d0280381e93018635f8986c308550dabce0be5249c3402c338
Deleted: sha256:7360cba3164f094ead4b968263cabeed376e7306ca6415c824d63ff7d2c22203
Deleted: sha256:e26ff419bf2626b93431acf08fc734cb88eed5dea413bd05965ba1c51dc9c671
Deleted: sha256:5b9acfeae5767ffb16ef495d68de01b750ac5efcf2af474d695b1fead7c2dabc
Deleted: sha256:3f55b1f8de59e6ba35f38376b4a7ee48ffbb32f23500d16400a18c6d59ad1803
Deleted: sha256:d8a947a6bf007b7b3f857fd157092aa938cc01780175eda5c300847f2758ba6f
Deleted: sha256:424c40c7a715a28330453b0ec3b5afc97caa851a56d365c65a97b583b733b81b
Deleted: sha256:202db300227b8c870b421aa0a0a11b44cb916401ef3a34bcc2a5efcb30a3ea78
Deleted: sha256:20f3dff2c1b6f8409b53e4e203132f7ebb2dfd7dc612d87e4a93302a5a8f5c1a
Deleted: sha256:3131a4917b53634699929d8ff7e2b2bd9469f3f5ab08daf41d1c6b90e0f18b44
Deleted: sha256:9996a15396359708cb2177cfdbe8fcb9f65124142edb9b1d3550f3eb87360676
Untagged: python:2-slim
Untagged: python@sha256:447e3a799a60fa5c98b1e429f3f814fe55642b1a38099702720d8ae96e9eaeaf
Deleted: sha256:40792d8a2d6d50e66bc76c05ca1d68644d071599a6765f956e024c569ecf7eb6
Deleted: sha256:ea4b3d160e71a41f4f9b089540e0c9a09af1367d37371edc03d71b1d443638df
Deleted: sha256:b61cbfb0362abe5dcdef0141d7872246c4ff4f41b81cfab474f0ce24c27e877f
Deleted: sha256:9b6996d714c006d5dd632013dd1cdf7ff97ff51be1fe92e34c20ea7c34e92231
Untagged: rabbitmq:latest
Untagged: rabbitmq@sha256:14a4f6c871e3218c383ac38be6e3af6af547fff46bf38c8fe113aca6f1b49697
Deleted: sha256:5fbca98fc816ee764f2a93891b12b68b0f720d595dd029585ad77ce96fbf4f49
Deleted: sha256:6f28c5ade05c4cf41ef89b0b5e9aaa47eb60d26d5efdd60895ad07353a0e10c2
Deleted: sha256:642d35b5be96e00b7b16f1e91064ae6c3bfaf82a6701351f08f8a6c6eb54d5d2
Deleted: sha256:543abe3a1c70c5bb9bb5a27c9ed8b45c6adc3e997d214fe35bc278fadbfcb808
Deleted: sha256:a592c5666e828fed046eee013069a873a18f5c8d795f70738c980aaa3cb03df7
Deleted: sha256:a3cbec4a5960500bfe8047d59cd213636b0cbec7db083e95af5ce54f7517c87a
Deleted: sha256:aa4eb560c0571cd6d4093bb2bf8fd2c8eedfc9e0097fbaf0e408dcc05ff23d79
Deleted: sha256:d3424c36264f16bf40179fd6e6d3d4b133115f213e3ac719bcedc8e4d424a93f
Deleted: sha256:c924ccc1b83ed5c985e5dbb8797ba4681294f31629772d98a4c003ab24a72af4
Deleted: sha256:eeda1a4546cba5c14b6f382129d9dd865ea25ce6777c755311f61bf655e3ae0d
Deleted: sha256:12c1e83770b7a90fc5b5de30c41175ec4c70bf983e0768a7cda28bfb5c0f09c2
Deleted: sha256:33be59d48fa1148f15b6ff3a08c7213b3900491455a9d033b59d4fe64ab6b340
